<?xml version="1.0" encoding="UTF-8"?>
<!-- Generated by org.testng.reporters.JUnitReportReporter -->
<testsuite hostname="Yzz" name="testgroup.testartifact.TestHelloWorld" tests="2" failures="0" timestamp="2 Feb 2018 02:21:49 GMT" time="0.015" errors="0">
  <testcase name="runSelenium" time="0.014" classname="testgroup.testartifact.TestHelloWorld"/>
  <testcase name="runSelenium1" time="0.001" classname="testgroup.testartifact.TestHelloWorld"/>
</testsuite> <!-- testgroup.testartifact.TestHelloWorld -->
